<?xml version="1.0" encoding="UTF-8"?>
<testsuite xmlns:xsi="http://www.w3.org/2001/XMLSchema-instance" xsi:noNamespaceSchemaLocation="https://maven.apache.org/surefire/maven-surefire-plugin/xsd/surefire-test-report.xsd" name="com.example.demo090.marketApplicationTests" time="0.326" tests="1" errors="1" skipped="0" failures="0">
  <properties>
[...]
</properties>
  <testcase name="com.example.demo090.marketApplicationTests" classname="com.example.demo090.marketApplicationTests" time="0.324">
    <error message="Unable to find a @SpringBootConfiguration, you need to use @ContextConfiguration or @SpringBootTest(classes=...) with your test" type="java.lang.IllegalStateException">java.lang.IllegalStateException: Unable to find a @SpringBootConfiguration, you need to use @ContextConfiguration or @SpringBootTest(classes=...) with your test
</error>
    <system-out><![CDATA[18:56:21.943 [main] DEBUG org.springframework.test.context.BootstrapUtils - Instantiating CacheAwareContextLoaderDelegate from class [org.springframework.test.context.cache.DefaultCacheAwareContextLoaderDelegate]
18:56:21.955 [main] DEBUG org.springframework.test.context.BootstrapUtils - Instantiating BootstrapContext using constructor [public org.springframework.test.context.support.DefaultBootstrapContext(java.lang.Class,org.springframework.test.context.CacheAwareContextLoaderDelegate)]
18:56:21.985 [main] DEBUG org.springframework.test.context.BootstrapUtils - Instantiating TestContextBootstrapper for test class [com.example.demo090.marketApplicationTests] from class [org.springframework.boot.test.context.SpringBootTestContextBootstrapper]
18:56:22.001 [main] INFO org.springframework.boot.test.context.SpringBootTestContextBootstrapper - Neither @ContextConfiguration nor @ContextHierarchy found for test class [com.example.demo090.marketApplicationTests], using SpringBootContextLoader
18:56:22.006 [main] DEBUG org.springframework.test.context.support.AbstractContextLoader - Did not detect default resource location for test class [com.example.demo090.marketApplicationTests]: class path resource [com/example/demo090/marketApplicationTests-context.xml] does not exist
18:56:22.006 [main] DEBUG org.springframework.test.context.support.AbstractContextLoader - Did not detect default resource location for test class [com.example.demo090.marketApplicationTests]: class path resource [com/example/demo090/marketApplicationTestsContext.groovy] does not exist
18:56:22.006 [main] INFO org.springframework.test.context.support.AbstractContextLoader - Could not detect default resource locations for test class [com.example.demo090.marketApplicationTests]: no resource found for suffixes {-context.xml, Context.groovy}.
18:56:22.007 [main] INFO org.springframework.test.context.support.AnnotationConfigContextLoaderUtils - Could not detect default configuration classes for test class [com.example.demo090.marketApplicationTests]: marketApplicationTests does not declare any static, non-private, non-final, nested classes annotated with @Configuration.
18:56:22.045 [main] DEBUG org.springframework.test.context.support.ActiveProfilesUtils - Could not find an 'annotation declaring class' for annotation type [org.springframework.test.context.ActiveProfiles] and class [com.example.demo090.marketApplicationTests]
18:56:22.112 [main] DEBUG org.springframework.test.context.BootstrapUtils - Instantiating CacheAwareContextLoaderDelegate from class [org.springframework.test.context.cache.DefaultCacheAwareContextLoaderDelegate]
18:56:22.112 [main] DEBUG org.springframework.test.context.BootstrapUtils - Instantiating BootstrapContext using constructor [public org.springframework.test.context.support.DefaultBootstrapContext(java.lang.Class,org.springframework.test.context.CacheAwareContextLoaderDelegate)]
18:56:22.113 [main] DEBUG org.springframework.test.context.BootstrapUtils - Instantiating TestContextBootstrapper for test class [com.example.demo090.marketApplicationTests] from class [org.springframework.boot.test.context.SpringBootTestContextBootstrapper]
18:56:22.114 [main] INFO org.springframework.boot.test.context.SpringBootTestContextBootstrapper - Neither @ContextConfiguration nor @ContextHierarchy found for test class [com.example.demo090.marketApplicationTests], using SpringBootContextLoader
18:56:22.115 [main] DEBUG org.springframework.test.context.support.AbstractContextLoader - Did not detect default resource location for test class [com.example.demo090.marketApplicationTests]: class path resource [com/example/demo090/marketApplicationTests-context.xml] does not exist
18:56:22.116 [main] DEBUG org.springframework.test.context.support.AbstractContextLoader - Did not detect default resource location for test class [com.example.demo090.marketApplicationTests]: class path resource [com/example/demo090/marketApplicationTestsContext.groovy] does not exist
18:56:22.116 [main] INFO org.springframework.test.context.support.AbstractContextLoader - Could not detect default resource locations for test class [com.example.demo090.marketApplicationTests]: no resource found for suffixes {-context.xml, Context.groovy}.
18:56:22.117 [main] INFO org.springframework.test.context.support.AnnotationConfigContextLoaderUtils - Could not detect default configuration classes for test class [com.example.demo090.marketApplicationTests]: marketApplicationTests does not declare any static, non-private, non-final, nested classes annotated with @Configuration.
18:56:22.119 [main] DEBUG org.springframework.test.context.support.ActiveProfilesUtils - Could not find an 'annotation declaring class' for annotation type [org.springframework.test.context.ActiveProfiles] and class [com.example.demo090.marketApplicationTests]
18:56:22.147 [main] DEBUG org.springframework.test.context.BootstrapUtils - Instantiating CacheAwareContextLoaderDelegate from class [org.springframework.test.context.cache.DefaultCacheAwareContextLoaderDelegate]
18:56:22.148 [main] DEBUG org.springframework.test.context.BootstrapUtils - Instantiating BootstrapContext using constructor [public org.springframework.test.context.support.DefaultBootstrapContext(java.lang.Class,org.springframework.test.context.CacheAwareContextLoaderDelegate)]
18:56:22.148 [main] DEBUG org.springframework.test.context.BootstrapUtils - Instantiating TestContextBootstrapper for test class [com.example.demo090.marketApplicationTests] from class [org.springframework.boot.test.context.SpringBootTestContextBootstrapper]
18:56:22.150 [main] INFO org.springframework.boot.test.context.SpringBootTestContextBootstrapper - Neither @ContextConfiguration nor @ContextHierarchy found for test class [com.example.demo090.marketApplicationTests], using SpringBootContextLoader
18:56:22.151 [main] DEBUG org.springframework.test.context.support.AbstractContextLoader - Did not detect default resource location for test class [com.example.demo090.marketApplicationTests]: class path resource [com/example/demo090/marketApplicationTests-context.xml] does not exist
18:56:22.151 [main] DEBUG org.springframework.test.context.support.AbstractContextLoader - Did not detect default resource location for test class [com.example.demo090.marketApplicationTests]: class path resource [com/example/demo090/marketApplicationTestsContext.groovy] does not exist
18:56:22.152 [main] INFO org.springframework.test.context.support.AbstractContextLoader - Could not detect default resource locations for test class [com.example.demo090.marketApplicationTests]: no resource found for suffixes {-context.xml, Context.groovy}.
18:56:22.152 [main] INFO org.springframework.test.context.support.AnnotationConfigContextLoaderUtils - Could not detect default configuration classes for test class [com.example.demo090.marketApplicationTests]: marketApplicationTests does not declare any static, non-private, non-final, nested classes annotated with @Configuration.
18:56:22.154 [main] DEBUG org.springframework.test.context.support.ActiveProfilesUtils - Could not find an 'annotation declaring class' for annotation type [org.springframework.test.context.ActiveProfiles] and class [com.example.demo090.marketApplicationTests]
]]></system-out>
  </testcase>
</testsuite>